CAPTURE_AUTO_SESSION_START
target_pkg=com.potplayer.music
server_name=privsam_service
Sat Jun 27 18:29:34 EEST 2026
[watchdog] started pid=17007
[watchdog] NEW vcplax pid=17414 -> frida-inject
CAPTURE_WATCHDOG_INJECT pid=17414
=== vcplax Frida toolkit v3 (Binder + TX13 + XOR symbols) ===
arch=arm64 pid=17414
TX13 delta=true XOR=true
[+] hooked dlopen
[+] hooked android_dlopen_ext
[+] hooked dlsym
[MODULE_SCAN] pid=17414
[MODULE] vcplax base=0x563c2fe000 size=34144256 path=/data/vcplax
[!] no libvc.so module in maps (dlopen+unlink) ? skip runtime XOR
[!] offline: python3 tools/decode_libvc_xor.py on pulled libvc.so.real
[+] hook vcplax onTransact @ 0x563c73d8b4 (base 0x563c2fe000)
=== ready ===
[POLL_STATE] seq=1 counters=[c0=0(0x0) c1=0(0x0) c2=0(0x0) c3=0(0x0)] (first sample)
========================================================================
[TX_START] seq=1 code=14 (0xe) name=SET_MODE
[TX_HINT]  writeInt mode + writeString path
[TX_META]  flags=0x12
------------------------------------------------------------------------
DATA_ptr=0x7fcc3dfd80
DATA_meta size=188 pos=0
DATA_HEX_ALL (first 128 bytes @0):
             0  1  2  3  4  5  6  7  8  9  A  B  C  D  E  F  0123456789ABCDEF
7a62988000  04 00 00 c2 ff ff ff ff 54 53 59 53 21 00 00 00  ........TSYS!...
7a62988010  63 00 6f 00 6d 00 2e 00 78 00 69 00 61 00 6f 00  c.o.m...x.i.a.o.
7a62988020  6d 00 69 00 2e 00 76 00 6c 00 69 00 76 00 65 00  m.i...v.l.i.v.e.
7a62988030  2e 00 49 00 4d 00 79 00 42 00 69 00 6e 00 64 00  ..I.M.y.B.i.n.d.
7a62988040  65 00 72 00 53 00 65 00 72 00 76 00 69 00 63 00  e.r.S.e.r.v.i.c.
7a62988050  65 00 00 00 01 00 00 00 2f 00 00 00 2f 00 64 00  e......./.../.d.
7a62988060  61 00 74 00 61 00 2f 00 75 00 73 00 65 00 72 00  a.t.a./.u.s.e.r.
7a62988070  2f 00 30 00 2f 00 63 00 6f 00 6d 00 2e 00 70 00  /.0./.c.o.m...p.
------------------------------------------------------------------------
[TX_END]   seq=1 retval=0
REPLY_ptr=0x7fcc3dfd00
REPLY_meta size=8 pos=8
REPLY_HEX_ALL (first 8 bytes @0):
                   0  1  2  3  4  5  6  7  8  9  A  B  C  D  E  F  0123456789ABCDEF
b400007b0bd50a80  00 00 00 00 04 00 00 00                          ........
========================================================================

[dlopen] libc.so => 0xb38944d931956b3b
[dlopen] libdl.so => 0x7b67bafa490260f7
[dlopen] libdl.so => 0x7b67bafa490260f7
[dlopen] libc.so => 0xb38944d931956b3b
[dlopen] libdl.so => 0x7b67bafa490260f7
[dlopen] libdl.so => 0x7b67bafa490260f7
========================================================================
[TX_START] seq=2 code=11 (0xb) name=PLAY_SOURCE
[TX_HINT]  writeString path + int0 + loop
[TX_META]  flags=0x12
------------------------------------------------------------------------
DATA_ptr=0x7fcc3dfd80
DATA_meta size=192 pos=0
DATA_HEX_ALL (first 128 bytes @0):
             0  1  2  3  4  5  6  7  8  9  A  B  C  D  E  F  0123456789ABCDEF
7a62988000  00 00 00 80 ff ff ff ff 54 53 59 53 21 00 00 00  ........TSYS!...
7a62988010  63 00 6f 00 6d 00 2e 00 78 00 69 00 61 00 6f 00  c.o.m...x.i.a.o.
7a62988020  6d 00 69 00 2e 00 76 00 6c 00 69 00 76 00 65 00  m.i...v.l.i.v.e.
7a62988030  2e 00 49 00 4d 00 79 00 42 00 69 00 6e 00 64 00  ..I.M.y.B.i.n.d.
7a62988040  65 00 72 00 53 00 65 00 72 00 76 00 69 00 63 00  e.r.S.e.r.v.i.c.
7a62988050  65 00 00 00 2f 00 00 00 2f 00 64 00 61 00 74 00  e.../.../.d.a.t.
7a62988060  61 00 2f 00 75 00 73 00 65 00 72 00 2f 00 30 00  a./.u.s.e.r./.0.
7a62988070  2f 00 63 00 6f 00 6d 00 2e 00 70 00 6f 00 74 00  /.c.o.m...p.o.t.
------------------------------------------------------------------------
[TX_END]   seq=2 retval=0
REPLY_ptr=0x7fcc3dfd00
REPLY_meta size=8 pos=8
REPLY_HEX_ALL (first 8 bytes @0):
                   0  1  2  3  4  5  6  7  8  9  A  B  C  D  E  F  0123456789ABCDEF
b400007b0bd50a80  00 00 00 00 01 00 00 00                          ........
========================================================================

[POLL_STATE] seq=11 counters=[c0=1(0x1) c1=0(0x0) c2=0(0x0) c3=0(0x0)] DELTA {c0:0->1}
========================================================================
[TX_START] seq=3 code=17 (0x11) name=SET_LOOP
[TX_HINT]  writeInt bool loop
[TX_META]  flags=0x12
------------------------------------------------------------------------
DATA_ptr=0x7fcc3dfd80
DATA_meta size=88 pos=0
DATA_HEX_ALL (first 88 bytes @0):
             0  1  2  3  4  5  6  7  8  9  A  B  C  D  E  F  0123456789ABCDEF
7a62988000  04 00 00 c2 ff ff ff ff 54 53 59 53 21 00 00 00  ........TSYS!...
7a62988010  63 00 6f 00 6d 00 2e 00 78 00 69 00 61 00 6f 00  c.o.m...x.i.a.o.
7a62988020  6d 00 69 00 2e 00 76 00 6c 00 69 00 76 00 65 00  m.i...v.l.i.v.e.
7a62988030  2e 00 49 00 4d 00 79 00 42 00 69 00 6e 00 64 00  ..I.M.y.B.i.n.d.
7a62988040  65 00 72 00 53 00 65 00 72 00 76 00 69 00 63 00  e.r.S.e.r.v.i.c.
7a62988050  65 00 00 00 01 00 00 00                          e.......
------------------------------------------------------------------------
[TX_END]   seq=3 retval=0
REPLY_ptr=0x7fcc3dfd00
REPLY_meta size=8 pos=8
REPLY_HEX_ALL (first 8 bytes @0):
                   0  1  2  3  4  5  6  7  8  9  A  B  C  D  E  F  0123456789ABCDEF
b400007b0bd50a80  00 00 00 00 07 00 00 00                          ........
========================================================================

========================================================================
[TX_START] seq=4 code=16 (0x10) name=SET_AUTO_ROTATE
[TX_HINT]  writeInt bool loop-rotate flag
[TX_META]  flags=0x12
------------------------------------------------------------------------
DATA_ptr=0x7fcc3dfd80
DATA_meta size=88 pos=0
DATA_HEX_ALL (first 88 bytes @0):
             0  1  2  3  4  5  6  7  8  9  A  B  C  D  E  F  0123456789ABCDEF
7a62988000  04 00 00 c2 ff ff ff ff 54 53 59 53 21 00 00 00  ........TSYS!...
7a62988010  63 00 6f 00 6d 00 2e 00 78 00 69 00 61 00 6f 00  c.o.m...x.i.a.o.
7a62988020  6d 00 69 00 2e 00 76 00 6c 00 69 00 76 00 65 00  m.i...v.l.i.v.e.
7a62988030  2e 00 49 00 4d 00 79 00 42 00 69 00 6e 00 64 00  ..I.M.y.B.i.n.d.
7a62988040  65 00 72 00 53 00 65 00 72 00 76 00 69 00 63 00  e.r.S.e.r.v.i.c.
7a62988050  65 00 00 00 01 00 00 00                          e.......
------------------------------------------------------------------------
[TX_END]   seq=4 retval=0
REPLY_ptr=0x7fcc3dfd00
REPLY_meta size=8 pos=8
REPLY_HEX_ALL (first 8 bytes @0):
                   0  1  2  3  4  5  6  7  8  9  A  B  C  D  E  F  0123456789ABCDEF
b400007b0bd50a80  00 00 00 00 06 00 00 00                          ........
========================================================================

========================================================================
[TX_START] seq=5 code=15 (0xf) name=GET_STATUS
[TX_HINT]  empty -> status int (5=playing)
[TX_META]  flags=0x10
------------------------------------------------------------------------
DATA_ptr=0x7fcc3dfd80
DATA_meta size=84 pos=0
DATA_HEX_ALL (first 84 bytes @0):
             0  1  2  3  4  5  6  7  8  9  A  B  C  D  E  F  0123456789ABCDEF
7a62988000  04 00 00 c2 ff ff ff ff 54 53 59 53 21 00 00 00  ........TSYS!...
7a62988010  63 00 6f 00 6d 00 2e 00 78 00 69 00 61 00 6f 00  c.o.m...x.i.a.o.
7a62988020  6d 00 69 00 2e 00 76 00 6c 00 69 00 76 00 65 00  m.i...v.l.i.v.e.
7a62988030  2e 00 49 00 4d 00 79 00 42 00 69 00 6e 00 64 00  ..I.M.y.B.i.n.d.
7a62988040  65 00 72 00 53 00 65 00 72 00 76 00 69 00 63 00  e.r.S.e.r.v.i.c.
7a62988050  65 00 00 00                                      e...
------------------------------------------------------------------------
[TX_END]   seq=5 retval=0
REPLY_ptr=0x7fcc3dfd00
REPLY_meta size=8 pos=8
REPLY_HEX_ALL (first 8 bytes @0):
                   0  1  2  3  4  5  6  7  8  9  A  B  C  D  E  F  0123456789ABCDEF
b400007b0bd50a80  00 00 00 00 05 00 00 00                          ........
========================================================================

[POLL_STATE] seq=17 counters=[c0=1(0x1) c1=1280(0x500) c2=960(0x3c0) c3=0(0x0)] DELTA {c1:0->1280, c2:0->960}
========================================================================
[TX_START] seq=6 code=24 (0x18) name=TRANSFORM
[TX_HINT]  int mode + 4x float + int colorMode
[TX_META]  flags=0x10
------------------------------------------------------------------------
DATA_ptr=0x7a62703a20
DATA_meta size=108 pos=0
DATA_HEX_ALL (first 108 bytes @0):
             0  1  2  3  4  5  6  7  8  9  A  B  C  D  E  F  0123456789ABCDEF
7a629880a0  04 00 00 c2 ff ff ff ff 54 53 59 53 21 00 00 00  ........TSYS!...
7a629880b0  63 00 6f 00 6d 00 2e 00 78 00 69 00 61 00 6f 00  c.o.m...x.i.a.o.
7a629880c0  6d 00 69 00 2e 00 76 00 6c 00 69 00 76 00 65 00  m.i...v.l.i.v.e.
7a629880d0  2e 00 49 00 4d 00 79 00 42 00 69 00 6e 00 64 00  ..I.M.y.B.i.n.d.
7a629880e0  65 00 72 00 53 00 65 00 72 00 76 00 69 00 63 00  e.r.S.e.r.v.i.c.
7a629880f0  65 00 00 00 00 00 00 00 00 00 8c 42 00 00 8e 42  e..........B...B
7a62988100  8f c2 75 3e d7 a3 f0 3e 02 00 00 00              ..u>...>....
------------------------------------------------------------------------
[TX_END]   seq=6 retval=0
REPLY_ptr=0x7a627039a0
REPLY_meta size=8 pos=8
REPLY_HEX_ALL (first 8 bytes @0):
                   0  1  2  3  4  5  6  7  8  9  A  B  C  D  E  F  0123456789ABCDEF
b400007a529a8200  00 00 00 00 0e 00 00 00                          ........
========================================================================

[POLL_STATE] seq=18 counters=[c0=1(0x1) c1=0(0x0) c2=0(0x0) c3=0(0x0)] DELTA {c1:1280->0, c2:960->0}
========================================================================
[TX_START] seq=7 code=24 (0x18) name=TRANSFORM
[TX_HINT]  int mode + 4x float + int colorMode
[TX_META]  flags=0x10
------------------------------------------------------------------------
DATA_ptr=0x7fcc3dfd80
DATA_meta size=108 pos=0
DATA_HEX_ALL (first 108 bytes @0):
             0  1  2  3  4  5  6  7  8  9  A  B  C  D  E  F  0123456789ABCDEF
7a629880a0  04 00 00 c2 ff ff ff ff 54 53 59 53 21 00 00 00  ........TSYS!...
7a629880b0  63 00 6f 00 6d 00 2e 00 78 00 69 00 61 00 6f 00  c.o.m...x.i.a.o.
7a629880c0  6d 00 69 00 2e 00 76 00 6c 00 69 00 76 00 65 00  m.i...v.l.i.v.e.
7a629880d0  2e 00 49 00 4d 00 79 00 42 00 69 00 6e 00 64 00  ..I.M.y.B.i.n.d.
7a629880e0  65 00 72 00 53 00 65 00 72 00 76 00 69 00 63 00  e.r.S.e.r.v.i.c.
7a629880f0  65 00 00 00 00 00 00 00 00 00 8c 42 00 00 8e 42  e..........B...B
7a62988100  8f c2 75 3e d7 a3 f0 3e 02 00 00 00              ..u>...>....
------------------------------------------------------------------------
[TX_END]   seq=7 retval=0
REPLY_ptr=0x7fcc3dfd00
REPLY_meta size=8 pos=8
REPLY_HEX_ALL (first 8 bytes @0):
                   0  1  2  3  4  5  6  7  8  9  A  B  C  D  E  F  0123456789ABCDEF
b400007b0bd50a80  00 00 00 00 0e 00 00 00                          ........
========================================================================

========================================================================
[TX_START] seq=8 code=24 (0x18) name=TRANSFORM
[TX_HINT]  int mode + 4x float + int colorMode
[TX_META]  flags=0x10
------------------------------------------------------------------------
DATA_ptr=0x7a62703a20
DATA_meta size=108 pos=0
DATA_HEX_ALL (first 108 bytes @0):
             0  1  2  3  4  5  6  7  8  9  A  B  C  D  E  F  0123456789ABCDEF
7a62988000  04 00 00 c2 ff ff ff ff 54 53 59 53 21 00 00 00  ........TSYS!...
7a62988010  63 00 6f 00 6d 00 2e 00 78 00 69 00 61 00 6f 00  c.o.m...x.i.a.o.
7a62988020  6d 00 69 00 2e 00 76 00 6c 00 69 00 76 00 65 00  m.i...v.l.i.v.e.
7a62988030  2e 00 49 00 4d 00 79 00 42 00 69 00 6e 00 64 00  ..I.M.y.B.i.n.d.
7a62988040  65 00 72 00 53 00 65 00 72 00 76 00 69 00 63 00  e.r.S.e.r.v.i.c.
7a62988050  65 00 00 00 00 00 00 00 00 00 8c 42 00 00 8e 42  e..........B...B
7a62988060  8f c2 75 3e d7 a3 f0 3e 02 00 00 00              ..u>...>....
------------------------------------------------------------------------
[TX_END]   seq=8 retval=0
REPLY_ptr=0x7a627039a0
REPLY_meta size=8 pos=8
REPLY_HEX_ALL (first 8 bytes @0):
                   0  1  2  3  4  5  6  7  8  9  A  B  C  D  E  F  0123456789ABCDEF
b400007a529a8200  00 00 00 00 0e 00 00 00                          ........
========================================================================

[POLL_SUMMARY] TX13 ticks=60 (~1Hz App.java pollState)
========================================================================
[TX_START] seq=9 code=14 (0xe) name=SET_MODE
[TX_HINT]  writeInt mode + writeString path
[TX_META]  flags=0x10
------------------------------------------------------------------------
DATA_ptr=0x7fcc3dfd80
DATA_meta size=172 pos=0
DATA_HEX_ALL (first 128 bytes @0):
             0  1  2  3  4  5  6  7  8  9  A  B  C  D  E  F  0123456789ABCDEF
7a62988000  00 00 00 80 ff ff ff ff 54 53 59 53 21 00 00 00  ........TSYS!...
7a62988010  63 00 6f 00 6d 00 2e 00 78 00 69 00 61 00 6f 00  c.o.m...x.i.a.o.
7a62988020  6d 00 69 00 2e 00 76 00 6c 00 69 00 76 00 65 00  m.i...v.l.i.v.e.
7a62988030  2e 00 49 00 4d 00 79 00 42 00 69 00 6e 00 64 00  ..I.M.y.B.i.n.d.
7a62988040  65 00 72 00 53 00 65 00 72 00 76 00 69 00 63 00  e.r.S.e.r.v.i.c.
7a62988050  65 00 00 00 02 00 00 00 27 00 00 00 72 00 74 00  e.......'...r.t.
7a62988060  6d 00 70 00 3a 00 2f 00 2f 00 6e 00 73 00 38 00  m.p.:././.n.s.8.
7a62988070  2e 00 69 00 6e 00 64 00 65 00 78 00 66 00 6f 00  ..i.n.d.e.x.f.o.
------------------------------------------------------------------------
[TX_END]   seq=9 retval=0
REPLY_ptr=0x7fcc3dfd00
REPLY_meta size=8 pos=8
REPLY_HEX_ALL (first 8 bytes @0):
                   0  1  2  3  4  5  6  7  8  9  A  B  C  D  E  F  0123456789ABCDEF
b400007b0bd50c00  00 00 00 00 04 00 00 00                          ........
========================================================================

========================================================================
[TX_START] seq=10 code=16 (0x10) name=SET_AUTO_ROTATE
[TX_HINT]  writeInt bool loop-rotate flag
[TX_META]  flags=0x10
------------------------------------------------------------------------
DATA_ptr=0x7fcc3dfd80
DATA_meta size=88 pos=0
DATA_HEX_ALL (first 88 bytes @0):
             0  1  2  3  4  5  6  7  8  9  A  B  C  D  E  F  0123456789ABCDEF
7a62988000  04 00 00 c2 ff ff ff ff 54 53 59 53 21 00 00 00  ........TSYS!...
7a62988010  63 00 6f 00 6d 00 2e 00 78 00 69 00 61 00 6f 00  c.o.m...x.i.a.o.
7a62988020  6d 00 69 00 2e 00 76 00 6c 00 69 00 76 00 65 00  m.i...v.l.i.v.e.
7a62988030  2e 00 49 00 4d 00 79 00 42 00 69 00 6e 00 64 00  ..I.M.y.B.i.n.d.
7a62988040  65 00 72 00 53 00 65 00 72 00 76 00 69 00 63 00  e.r.S.e.r.v.i.c.
7a62988050  65 00 00 00 00 00 00 00                          e.......
------------------------------------------------------------------------
[TX_END]   seq=10 retval=0
REPLY_ptr=0x7fcc3dfd00
REPLY_meta size=8 pos=8
REPLY_HEX_ALL (first 8 bytes @0):
                   0  1  2  3  4  5  6  7  8  9  A  B  C  D  E  F  0123456789ABCDEF
b400007b0bd50c00  00 00 00 00 06 00 00 00                          ........
========================================================================

========================================================================
[TX_START] seq=11 code=17 (0x11) name=SET_LOOP
[TX_HINT]  writeInt bool loop
[TX_META]  flags=0x10
------------------------------------------------------------------------
DATA_ptr=0x7fcc3dfd80
DATA_meta size=88 pos=0
DATA_HEX_ALL (first 88 bytes @0):
             0  1  2  3  4  5  6  7  8  9  A  B  C  D  E  F  0123456789ABCDEF
7a62988000  04 00 00 c2 ff ff ff ff 54 53 59 53 21 00 00 00  ........TSYS!...
7a62988010  63 00 6f 00 6d 00 2e 00 78 00 69 00 61 00 6f 00  c.o.m...x.i.a.o.
7a62988020  6d 00 69 00 2e 00 76 00 6c 00 69 00 76 00 65 00  m.i...v.l.i.v.e.
7a62988030  2e 00 49 00 4d 00 79 00 42 00 69 00 6e 00 64 00  ..I.M.y.B.i.n.d.
7a62988040  65 00 72 00 53 00 65 00 72 00 76 00 69 00 63 00  e.r.S.e.r.v.i.c.
7a62988050  65 00 00 00 00 00 00 00                          e.......
------------------------------------------------------------------------
[TX_END]   seq=11 retval=0
REPLY_ptr=0x7fcc3dfd00
REPLY_meta size=8 pos=8
REPLY_HEX_ALL (first 8 bytes @0):
                   0  1  2  3  4  5  6  7  8  9  A  B  C  D  E  F  0123456789ABCDEF
b400007b0bd50c00  00 00 00 00 07 00 00 00                          ........
========================================================================

========================================================================
[TX_START] seq=12 code=24 (0x18) name=TRANSFORM
[TX_HINT]  int mode + 4x float + int colorMode
[TX_META]  flags=0x10
------------------------------------------------------------------------
DATA_ptr=0x7fcc3dfd80
DATA_meta size=108 pos=0
DATA_HEX_ALL (first 108 bytes @0):
             0  1  2  3  4  5  6  7  8  9  A  B  C  D  E  F  0123456789ABCDEF
7a62988000  04 00 00 c2 ff ff ff ff 54 53 59 53 21 00 00 00  ........TSYS!...
7a62988010  63 00 6f 00 6d 00 2e 00 78 00 69 00 61 00 6f 00  c.o.m...x.i.a.o.
7a62988020  6d 00 69 00 2e 00 76 00 6c 00 69 00 76 00 65 00  m.i...v.l.i.v.e.
7a62988030  2e 00 49 00 4d 00 79 00 42 00 69 00 6e 00 64 00  ..I.M.y.B.i.n.d.
7a62988040  65 00 72 00 53 00 65 00 72 00 76 00 69 00 63 00  e.r.S.e.r.v.i.c.
7a62988050  65 00 00 00 00 00 00 00 00 00 e8 41 00 00 1c 42  e..........A...B
7a62988060  3d 0a d7 3e c3 f5 28 3f 01 00 00 00              =..>..(?....
------------------------------------------------------------------------
[TX_END]   seq=12 retval=0
REPLY_ptr=0x7fcc3dfd00
REPLY_meta size=8 pos=8
REPLY_HEX_ALL (first 8 bytes @0):
                   0  1  2  3  4  5  6  7  8  9  A  B  C  D  E  F  0123456789ABCDEF
b400007b0bd50c00  00 00 00 00 0e 00 00 00                          ........
========================================================================

========================================================================
[TX_START] seq=13 code=17 (0x11) name=SET_LOOP
[TX_HINT]  writeInt bool loop
[TX_META]  flags=0x10
------------------------------------------------------------------------
DATA_ptr=0x7fcc3dfd80
DATA_meta size=88 pos=0
DATA_HEX_ALL (first 88 bytes @0):
             0  1  2  3  4  5  6  7  8  9  A  B  C  D  E  F  0123456789ABCDEF
7a62988000  04 00 00 c2 ff ff ff ff 54 53 59 53 21 00 00 00  ........TSYS!...
7a62988010  63 00 6f 00 6d 00 2e 00 78 00 69 00 61 00 6f 00  c.o.m...x.i.a.o.
7a62988020  6d 00 69 00 2e 00 76 00 6c 00 69 00 76 00 65 00  m.i...v.l.i.v.e.
7a62988030  2e 00 49 00 4d 00 79 00 42 00 69 00 6e 00 64 00  ..I.M.y.B.i.n.d.
7a62988040  65 00 72 00 53 00 65 00 72 00 76 00 69 00 63 00  e.r.S.e.r.v.i.c.
7a62988050  65 00 00 00 01 00 00 00                          e.......
------------------------------------------------------------------------
[TX_END]   seq=13 retval=0
REPLY_ptr=0x7fcc3dfd00
REPLY_meta size=8 pos=8
REPLY_HEX_ALL (first 8 bytes @0):
                   0  1  2  3  4  5  6  7  8  9  A  B  C  D  E  F  0123456789ABCDEF
b400007b0bd50c00  00 00 00 00 07 00 00 00                          ........
========================================================================

========================================================================
[TX_START] seq=14 code=16 (0x10) name=SET_AUTO_ROTATE
[TX_HINT]  writeInt bool loop-rotate flag
[TX_META]  flags=0x10
------------------------------------------------------------------------
DATA_ptr=0x7a62703a20
DATA_meta size=88 pos=0
DATA_HEX_ALL (first 88 bytes @0):
             0  1  2  3  4  5  6  7  8  9  A  B  C  D  E  F  0123456789ABCDEF
7a629880a0  04 00 00 c2 ff ff ff ff 54 53 59 53 21 00 00 00  ........TSYS!...
7a629880b0  63 00 6f 00 6d 00 2e 00 78 00 69 00 61 00 6f 00  c.o.m...x.i.a.o.
7a629880c0  6d 00 69 00 2e 00 76 00 6c 00 69 00 76 00 65 00  m.i...v.l.i.v.e.
7a629880d0  2e 00 49 00 4d 00 79 00 42 00 69 00 6e 00 64 00  ..I.M.y.B.i.n.d.
7a629880e0  65 00 72 00 53 00 65 00 72 00 76 00 69 00 63 00  e.r.S.e.r.v.i.c.
7a629880f0  65 00 00 00 01 00 00 00                          e.......
------------------------------------------------------------------------
[TX_END]   seq=14 retval=0
REPLY_ptr=0x7a627039a0
REPLY_meta size=8 pos=8
REPLY_HEX_ALL (first 8 bytes @0):
                   0  1  2  3  4  5  6  7  8  9  A  B  C  D  E  F  0123456789ABCDEF
b400007a529a8200  00 00 00 00 06 00 00 00                          ........
========================================================================

========================================================================
[TX_START] seq=15 code=25 (0x19) name=HARD_RECOVERY
[TX_HINT]  empty -> toggle recovery (reply void)
[TX_META]  flags=0x10
------------------------------------------------------------------------
DATA_ptr=0x7fcc3dfd80
DATA_meta size=84 pos=0
DATA_HEX_ALL (first 84 bytes @0):
             0  1  2  3  4  5  6  7  8  9  A  B  C  D  E  F  0123456789ABCDEF
7a62988000  04 00 00 c2 ff ff ff ff 54 53 59 53 21 00 00 00  ........TSYS!...
7a62988010  63 00 6f 00 6d 00 2e 00 78 00 69 00 61 00 6f 00  c.o.m...x.i.a.o.
7a62988020  6d 00 69 00 2e 00 76 00 6c 00 69 00 76 00 65 00  m.i...v.l.i.v.e.
7a62988030  2e 00 49 00 4d 00 79 00 42 00 69 00 6e 00 64 00  ..I.M.y.B.i.n.d.
7a62988040  65 00 72 00 53 00 65 00 72 00 76 00 69 00 63 00  e.r.S.e.r.v.i.c.
7a62988050  65 00 00 00                                      e...
------------------------------------------------------------------------
[TX_END]   seq=15 retval=0
REPLY_ptr=0x7fcc3dfd00
REPLY_meta size=4 pos=4
REPLY_HEX_ALL (first 4 bytes @0):
                   0  1  2  3  4  5  6  7  8  9  A  B  C  D  E  F  0123456789ABCDEF
b400007b0bd50c00  00 00 00 00                                      ....
========================================================================

========================================================================
[TX_START] seq=16 code=15 (0xf) name=GET_STATUS
[TX_HINT]  empty -> status int (5=playing)
[TX_META]  flags=0x10
------------------------------------------------------------------------
DATA_ptr=0x7fcc3dfd80
DATA_meta size=84 pos=0
DATA_HEX_ALL (first 84 bytes @0):
             0  1  2  3  4  5  6  7  8  9  A  B  C  D  E  F  0123456789ABCDEF
7a62988000  04 00 00 c2 ff ff ff ff 54 53 59 53 21 00 00 00  ........TSYS!...
7a62988010  63 00 6f 00 6d 00 2e 00 78 00 69 00 61 00 6f 00  c.o.m...x.i.a.o.
7a62988020  6d 00 69 00 2e 00 76 00 6c 00 69 00 76 00 65 00  m.i...v.l.i.v.e.
7a62988030  2e 00 49 00 4d 00 79 00 42 00 69 00 6e 00 64 00  ..I.M.y.B.i.n.d.
7a62988040  65 00 72 00 53 00 65 00 72 00 76 00 69 00 63 00  e.r.S.e.r.v.i.c.
7a62988050  65 00 00 00                                      e...
------------------------------------------------------------------------
[TX_END]   seq=16 retval=0
REPLY_ptr=0x7fcc3dfd00
REPLY_meta size=8 pos=8
REPLY_HEX_ALL (first 8 bytes @0):
                   0  1  2  3  4  5  6  7  8  9  A  B  C  D  E  F  0123456789ABCDEF
b400007b0bd50c00  00 00 00 00 05 00 00 00                          ........
========================================================================

========================================================================
[TX_START] seq=17 code=25 (0x19) name=HARD_RECOVERY
[TX_HINT]  empty -> toggle recovery (reply void)
[TX_META]  flags=0x10
------------------------------------------------------------------------
DATA_ptr=0x7fcc3dfd80
DATA_meta size=84 pos=0
DATA_HEX_ALL (first 84 bytes @0):
             0  1  2  3  4  5  6  7  8  9  A  B  C  D  E  F  0123456789ABCDEF
7a62988000  04 00 00 c2 ff ff ff ff 54 53 59 53 21 00 00 00  ........TSYS!...
7a62988010  63 00 6f 00 6d 00 2e 00 78 00 69 00 61 00 6f 00  c.o.m...x.i.a.o.
7a62988020  6d 00 69 00 2e 00 76 00 6c 00 69 00 76 00 65 00  m.i...v.l.i.v.e.
7a62988030  2e 00 49 00 4d 00 79 00 42 00 69 00 6e 00 64 00  ..I.M.y.B.i.n.d.
7a62988040  65 00 72 00 53 00 65 00 72 00 76 00 69 00 63 00  e.r.S.e.r.v.i.c.
7a62988050  65 00 00 00                                      e...
------------------------------------------------------------------------
[TX_END]   seq=17 retval=0
REPLY_ptr=0x7fcc3dfd00
REPLY_meta size=4 pos=4
REPLY_HEX_ALL (first 4 bytes @0):
                   0  1  2  3  4  5  6  7  8  9  A  B  C  D  E  F  0123456789ABCDEF
b400007b0bd50c00  00 00 00 00                                      ....
========================================================================

[POLL_STATE] seq=95 counters=[c0=1(0x1) c1=640(0x280) c2=480(0x1e0) c3=0(0x0)] DELTA {c1:0->640, c2:0->480}
[POLL_STATE] seq=96 counters=[c0=1(0x1) c1=0(0x0) c2=0(0x0) c3=0(0x0)] DELTA {c1:640->0, c2:480->0}
========================================================================
[TX_START] seq=18 code=18 (0x12) name=SET_ANGLE
[TX_HINT]  writeInt degrees (0/90/180/270)
[TX_META]  flags=0x10
------------------------------------------------------------------------
DATA_ptr=0x7fcc3dfd80
DATA_meta size=88 pos=0
DATA_HEX_ALL (first 88 bytes @0):
             0  1  2  3  4  5  6  7  8  9  A  B  C  D  E  F  0123456789ABCDEF
7a62988000  04 00 00 c2 ff ff ff ff 54 53 59 53 21 00 00 00  ........TSYS!...
7a62988010  63 00 6f 00 6d 00 2e 00 78 00 69 00 61 00 6f 00  c.o.m...x.i.a.o.
7a62988020  6d 00 69 00 2e 00 76 00 6c 00 69 00 76 00 65 00  m.i...v.l.i.v.e.
7a62988030  2e 00 49 00 4d 00 79 00 42 00 69 00 6e 00 64 00  ..I.M.y.B.i.n.d.
7a62988040  65 00 72 00 53 00 65 00 72 00 76 00 69 00 63 00  e.r.S.e.r.v.i.c.
7a62988050  65 00 00 00 00 00 00 00                          e.......
------------------------------------------------------------------------
[TX_END]   seq=18 retval=0
REPLY_ptr=0x7fcc3dfd00
REPLY_meta size=8 pos=8
REPLY_HEX_ALL (first 8 bytes @0):
                   0  1  2  3  4  5  6  7  8  9  A  B  C  D  E  F  0123456789ABCDEF
b400007b0bd50c00  00 00 00 00 08 00 00 00                          ........
========================================================================

========================================================================
[TX_START] seq=19 code=18 (0x12) name=SET_ANGLE
[TX_HINT]  writeInt degrees (0/90/180/270)
[TX_META]  flags=0x10
------------------------------------------------------------------------
DATA_ptr=0x7fcc3dfd80
DATA_meta size=88 pos=0
DATA_HEX_ALL (first 88 bytes @0):
             0  1  2  3  4  5  6  7  8  9  A  B  C  D  E  F  0123456789ABCDEF
7a62988000  04 00 00 c2 ff ff ff ff 54 53 59 53 21 00 00 00  ........TSYS!...
7a62988010  63 00 6f 00 6d 00 2e 00 78 00 69 00 61 00 6f 00  c.o.m...x.i.a.o.
7a62988020  6d 00 69 00 2e 00 76 00 6c 00 69 00 76 00 65 00  m.i...v.l.i.v.e.
7a62988030  2e 00 49 00 4d 00 79 00 42 00 69 00 6e 00 64 00  ..I.M.y.B.i.n.d.
7a62988040  65 00 72 00 53 00 65 00 72 00 76 00 69 00 63 00  e.r.S.e.r.v.i.c.
7a62988050  65 00 00 00 5a 00 00 00                          e...Z...
------------------------------------------------------------------------
[TX_END]   seq=19 retval=0
REPLY_ptr=0x7fcc3dfd00
REPLY_meta size=8 pos=8
REPLY_HEX_ALL (first 8 bytes @0):
                   0  1  2  3  4  5  6  7  8  9  A  B  C  D  E  F  0123456789ABCDEF
b400007b0bd50c00  00 00 00 00 08 00 00 00                          ........
========================================================================

========================================================================
[TX_START] seq=20 code=15 (0xf) name=GET_STATUS
[TX_HINT]  empty -> status int (5=playing)
[TX_META]  flags=0x10
------------------------------------------------------------------------
DATA_ptr=0x7fcc3dfd80
DATA_meta size=84 pos=0
DATA_HEX_ALL (first 84 bytes @0):
             0  1  2  3  4  5  6  7  8  9  A  B  C  D  E  F  0123456789ABCDEF
7a62988000  04 00 00 c2 ff ff ff ff 54 53 59 53 21 00 00 00  ........TSYS!...
7a62988010  63 00 6f 00 6d 00 2e 00 78 00 69 00 61 00 6f 00  c.o.m...x.i.a.o.
7a62988020  6d 00 69 00 2e 00 76 00 6c 00 69 00 76 00 65 00  m.i...v.l.i.v.e.
7a62988030  2e 00 49 00 4d 00 79 00 42 00 69 00 6e 00 64 00  ..I.M.y.B.i.n.d.
7a62988040  65 00 72 00 53 00 65 00 72 00 76 00 69 00 63 00  e.r.S.e.r.v.i.c.
7a62988050  65 00 00 00                                      e...
------------------------------------------------------------------------
[TX_END]   seq=20 retval=0
REPLY_ptr=0x7fcc3dfd00
REPLY_meta size=8 pos=8
REPLY_HEX_ALL (first 8 bytes @0):
                   0  1  2  3  4  5  6  7  8  9  A  B  C  D  E  F  0123456789ABCDEF
b400007b0bd50c00  00 00 00 00 05 00 00 00                          ........
========================================================================

========================================================================
[TX_START] seq=21 code=22 (0x16) name=SEEK_RANGE
[TX_HINT]  writeLong beginUs + writeLong endUs
[TX_META]  flags=0x10
------------------------------------------------------------------------
DATA_ptr=0x7fcc3dfd80
DATA_meta size=100 pos=0
DATA_HEX_ALL (first 100 bytes @0):
             0  1  2  3  4  5  6  7  8  9  A  B  C  D  E  F  0123456789ABCDEF
7a62988000  04 00 00 c2 ff ff ff ff 54 53 59 53 21 00 00 00  ........TSYS!...
7a62988010  63 00 6f 00 6d 00 2e 00 78 00 69 00 61 00 6f 00  c.o.m...x.i.a.o.
7a62988020  6d 00 69 00 2e 00 76 00 6c 00 69 00 76 00 65 00  m.i...v.l.i.v.e.
7a62988030  2e 00 49 00 4d 00 79 00 42 00 69 00 6e 00 64 00  ..I.M.y.B.i.n.d.
7a62988040  65 00 72 00 53 00 65 00 72 00 76 00 69 00 63 00  e.r.S.e.r.v.i.c.
7a62988050  65 00 00 00 42 00 00 00 00 00 00 00 75 00 00 00  e...B.......u...
7a62988060  00 00 00 00                                      ....
------------------------------------------------------------------------
[TX_END]   seq=21 retval=0
REPLY_ptr=0x7fcc3dfd00
REPLY_meta size=8 pos=8
REPLY_HEX_ALL (first 8 bytes @0):
                   0  1  2  3  4  5  6  7  8  9  A  B  C  D  E  F  0123456789ABCDEF
b400007b0bd50c00  00 00 00 00 0c 00 00 00                          ........
========================================================================

========================================================================
[TX_START] seq=22 code=22 (0x16) name=SEEK_RANGE
[TX_HINT]  writeLong beginUs + writeLong endUs
[TX_META]  flags=0x10
------------------------------------------------------------------------
DATA_ptr=0x7fcc3dfd80
DATA_meta size=100 pos=0
DATA_HEX_ALL (first 100 bytes @0):
             0  1  2  3  4  5  6  7  8  9  A  B  C  D  E  F  0123456789ABCDEF
7a62988000  04 00 00 c2 ff ff ff ff 54 53 59 53 21 00 00 00  ........TSYS!...
7a62988010  63 00 6f 00 6d 00 2e 00 78 00 69 00 61 00 6f 00  c.o.m...x.i.a.o.
7a62988020  6d 00 69 00 2e 00 76 00 6c 00 69 00 76 00 65 00  m.i...v.l.i.v.e.
7a62988030  2e 00 49 00 4d 00 79 00 42 00 69 00 6e 00 64 00  ..I.M.y.B.i.n.d.
7a62988040  65 00 72 00 53 00 65 00 72 00 76 00 69 00 63 00  e.r.S.e.r.v.i.c.
7a62988050  65 00 00 00 40 01 00 00 00 00 00 00 90 01 00 00  e...@...........
7a62988060  00 00 00 00                                      ....
------------------------------------------------------------------------
[TX_END]   seq=22 retval=0
REPLY_ptr=0x7fcc3dfd00
REPLY_meta size=8 pos=8
REPLY_HEX_ALL (first 8 bytes @0):
                   0  1  2  3  4  5  6  7  8  9  A  B  C  D  E  F  0123456789ABCDEF
b400007b0bd50c00  00 00 00 00 0c 00 00 00                          ........
========================================================================

========================================================================
[TX_START] seq=23 code=22 (0x16) name=SEEK_RANGE
[TX_HINT]  writeLong beginUs + writeLong endUs
[TX_META]  flags=0x10
------------------------------------------------------------------------
DATA_ptr=0x7fcc3dfd80
DATA_meta size=100 pos=0
DATA_HEX_ALL (first 100 bytes @0):
             0  1  2  3  4  5  6  7  8  9  A  B  C  D  E  F  0123456789ABCDEF
7a62988000  04 00 00 c2 ff ff ff ff 54 53 59 53 21 00 00 00  ........TSYS!...
7a62988010  63 00 6f 00 6d 00 2e 00 78 00 69 00 61 00 6f 00  c.o.m...x.i.a.o.
7a62988020  6d 00 69 00 2e 00 76 00 6c 00 69 00 76 00 65 00  m.i...v.l.i.v.e.
7a62988030  2e 00 49 00 4d 00 79 00 42 00 69 00 6e 00 64 00  ..I.M.y.B.i.n.d.
7a62988040  65 00 72 00 53 00 65 00 72 00 76 00 69 00 63 00  e.r.S.e.r.v.i.c.
7a62988050  65 00 00 00 28 00 00 00 00 00 00 00 8d 13 00 00  e...(...........
7a62988060  00 00 00 00                                      ....
------------------------------------------------------------------------
[TX_END]   seq=23 retval=0
REPLY_ptr=0x7fcc3dfd00
REPLY_meta size=8 pos=8
REPLY_HEX_ALL (first 8 bytes @0):
                   0  1  2  3  4  5  6  7  8  9  A  B  C  D  E  F  0123456789ABCDEF
b400007b0bd50c00  00 00 00 00 0c 00 00 00                          ........
========================================================================

========================================================================
[TX_START] seq=24 code=22 (0x16) name=SEEK_RANGE
[TX_HINT]  writeLong beginUs + writeLong endUs
[TX_META]  flags=0x10
------------------------------------------------------------------------
DATA_ptr=0x7fcc3dfd80
DATA_meta size=100 pos=0
DATA_HEX_ALL (first 100 bytes @0):
             0  1  2  3  4  5  6  7  8  9  A  B  C  D  E  F  0123456789ABCDEF
7a62988000  04 00 00 c2 ff ff ff ff 54 53 59 53 21 00 00 00  ........TSYS!...
7a62988010  63 00 6f 00 6d 00 2e 00 78 00 69 00 61 00 6f 00  c.o.m...x.i.a.o.
7a62988020  6d 00 69 00 2e 00 76 00 6c 00 69 00 76 00 65 00  m.i...v.l.i.v.e.
7a62988030  2e 00 49 00 4d 00 79 00 42 00 69 00 6e 00 64 00  ..I.M.y.B.i.n.d.
7a62988040  65 00 72 00 53 00 65 00 72 00 76 00 69 00 63 00  e.r.S.e.r.v.i.c.
7a62988050  65 00 00 00 30 02 00 00 00 00 00 00 90 1a 00 00  e...0...........
7a62988060  00 00 00 00                                      ....
------------------------------------------------------------------------
[TX_END]   seq=24 retval=0
REPLY_ptr=0x7fcc3dfd00
REPLY_meta size=8 pos=8
REPLY_HEX_ALL (first 8 bytes @0):
                   0  1  2  3  4  5  6  7  8  9  A  B  C  D  E  F  0123456789ABCDEF
b400007b0bd50c00  00 00 00 00 0c 00 00 00                          ........
========================================================================

========================================================================
[TX_START] seq=25 code=22 (0x16) name=SEEK_RANGE
[TX_HINT]  writeLong beginUs + writeLong endUs
[TX_META]  flags=0x10
------------------------------------------------------------------------
DATA_ptr=0x7fcc3dfd80
DATA_meta size=100 pos=0
DATA_HEX_ALL (first 100 bytes @0):
             0  1  2  3  4  5  6  7  8  9  A  B  C  D  E  F  0123456789ABCDEF
7a62988000  04 00 00 c2 ff ff ff ff 54 53 59 53 21 00 00 00  ........TSYS!...
7a62988010  63 00 6f 00 6d 00 2e 00 78 00 69 00 61 00 6f 00  c.o.m...x.i.a.o.
7a62988020  6d 00 69 00 2e 00 76 00 6c 00 69 00 76 00 65 00  m.i...v.l.i.v.e.
7a62988030  2e 00 49 00 4d 00 79 00 42 00 69 00 6e 00 64 00  ..I.M.y.B.i.n.d.
7a62988040  65 00 72 00 53 00 65 00 72 00 76 00 69 00 63 00  e.r.S.e.r.v.i.c.
7a62988050  65 00 00 00 90 01 00 00 00 00 00 00 90 01 00 00  e...............
7a62988060  00 00 00 00                                      ....
------------------------------------------------------------------------
[TX_END]   seq=25 retval=0
REPLY_ptr=0x7fcc3dfd00
REPLY_meta size=8 pos=8
REPLY_HEX_ALL (first 8 bytes @0):
                   0  1  2  3  4  5  6  7  8  9  A  B  C  D  E  F  0123456789ABCDEF
b400007b0bd50c00  00 00 00 00 0c 00 00 00                          ........
========================================================================

========================================================================
[TX_START] seq=26 code=22 (0x16) name=SEEK_RANGE
[TX_HINT]  writeLong beginUs + writeLong endUs
[TX_META]  flags=0x10
------------------------------------------------------------------------
DATA_ptr=0x7fcc3dfd80
DATA_meta size=100 pos=0
DATA_HEX_ALL (first 100 bytes @0):
             0  1  2  3  4  5  6  7  8  9  A  B  C  D  E  F  0123456789ABCDEF
7a62988000  04 00 00 c2 ff ff ff ff 54 53 59 53 21 00 00 00  ........TSYS!...
7a62988010  63 00 6f 00 6d 00 2e 00 78 00 69 00 61 00 6f 00  c.o.m...x.i.a.o.
7a62988020  6d 00 69 00 2e 00 76 00 6c 00 69 00 76 00 65 00  m.i...v.l.i.v.e.
7a62988030  2e 00 49 00 4d 00 79 00 42 00 69 00 6e 00 64 00  ..I.M.y.B.i.n.d.
7a62988040  65 00 72 00 53 00 65 00 72 00 76 00 69 00 63 00  e.r.S.e.r.v.i.c.
7a62988050  65 00 00 00 32 00 00 00 00 00 00 00 4e 02 00 00  e...2.......N...
7a62988060  00 00 00 00                                      ....
------------------------------------------------------------------------
[TX_END]   seq=26 retval=0
REPLY_ptr=0x7fcc3dfd00
REPLY_meta size=8 pos=8
REPLY_HEX_ALL (first 8 bytes @0):
                   0  1  2  3  4  5  6  7  8  9  A  B  C  D  E  F  0123456789ABCDEF
b400007b0bd50c00  00 00 00 00 0c 00 00 00                          ........
========================================================================

========================================================================
[TX_START] seq=27 code=22 (0x16) name=SEEK_RANGE
[TX_HINT]  writeLong beginUs + writeLong endUs
[TX_META]  flags=0x10
------------------------------------------------------------------------
DATA_ptr=0x7fcc3dfd80
DATA_meta size=100 pos=0
DATA_HEX_ALL (first 100 bytes @0):
             0  1  2  3  4  5  6  7  8  9  A  B  C  D  E  F  0123456789ABCDEF
7a62988000  04 00 00 c2 ff ff ff ff 54 53 59 53 21 00 00 00  ........TSYS!...
7a62988010  63 00 6f 00 6d 00 2e 00 78 00 69 00 61 00 6f 00  c.o.m...x.i.a.o.
7a62988020  6d 00 69 00 2e 00 76 00 6c 00 69 00 76 00 65 00  m.i...v.l.i.v.e.
7a62988030  2e 00 49 00 4d 00 79 00 42 00 69 00 6e 00 64 00  ..I.M.y.B.i.n.d.
7a62988040  65 00 72 00 53 00 65 00 72 00 76 00 69 00 63 00  e.r.S.e.r.v.i.c.
7a62988050  65 00 00 00 c8 00 00 00 00 00 00 00 85 0c 00 00  e...............
7a62988060  00 00 00 00                                      ....
------------------------------------------------------------------------
[TX_END]   seq=27 retval=0
REPLY_ptr=0x7fcc3dfd00
REPLY_meta size=8 pos=8
REPLY_HEX_ALL (first 8 bytes @0):
                   0  1  2  3  4  5  6  7  8  9  A  B  C  D  E  F  0123456789ABCDEF
b400007b0bd50c00  00 00 00 00 0c 00 00 00                          ........
========================================================================

========================================================================
[TX_START] seq=28 code=22 (0x16) name=SEEK_RANGE
[TX_HINT]  writeLong beginUs + writeLong endUs
[TX_META]  flags=0x10
------------------------------------------------------------------------
DATA_ptr=0x7fcc3dfd80
DATA_meta size=100 pos=0
DATA_HEX_ALL (first 100 bytes @0):
             0  1  2  3  4  5  6  7  8  9  A  B  C  D  E  F  0123456789ABCDEF
7a62988000  04 00 00 c2 ff ff ff ff 54 53 59 53 21 00 00 00  ........TSYS!...
7a62988010  63 00 6f 00 6d 00 2e 00 78 00 69 00 61 00 6f 00  c.o.m...x.i.a.o.
7a62988020  6d 00 69 00 2e 00 76 00 6c 00 69 00 76 00 65 00  m.i...v.l.i.v.e.
7a62988030  2e 00 49 00 4d 00 79 00 42 00 69 00 6e 00 64 00  ..I.M.y.B.i.n.d.
7a62988040  65 00 72 00 53 00 65 00 72 00 76 00 69 00 63 00  e.r.S.e.r.v.i.c.
7a62988050  65 00 00 00 c8 00 00 00 00 00 00 00 85 0c 00 00  e...............
7a62988060  00 00 00 00                                      ....
------------------------------------------------------------------------
[TX_END]   seq=28 retval=0
REPLY_ptr=0x7fcc3dfd00
REPLY_meta size=8 pos=8
REPLY_HEX_ALL (first 8 bytes @0):
                   0  1  2  3  4  5  6  7  8  9  A  B  C  D  E  F  0123456789ABCDEF
b400007b0bd50c00  00 00 00 00 0c 00 00 00                          ........
========================================================================

========================================================================
[TX_START] seq=29 code=17 (0x11) name=SET_LOOP
[TX_HINT]  writeInt bool loop
[TX_META]  flags=0x10
------------------------------------------------------------------------
DATA_ptr=0x7fcc3dfd80
DATA_meta size=88 pos=0
DATA_HEX_ALL (first 88 bytes @0):
             0  1  2  3  4  5  6  7  8  9  A  B  C  D  E  F  0123456789ABCDEF
7a62988000  04 00 00 c2 ff ff ff ff 54 53 59 53 21 00 00 00  ........TSYS!...
7a62988010  63 00 6f 00 6d 00 2e 00 78 00 69 00 61 00 6f 00  c.o.m...x.i.a.o.
7a62988020  6d 00 69 00 2e 00 76 00 6c 00 69 00 76 00 65 00  m.i...v.l.i.v.e.
7a62988030  2e 00 49 00 4d 00 79 00 42 00 69 00 6e 00 64 00  ..I.M.y.B.i.n.d.
7a62988040  65 00 72 00 53 00 65 00 72 00 76 00 69 00 63 00  e.r.S.e.r.v.i.c.
7a62988050  65 00 00 00 00 00 00 00                          e.......
------------------------------------------------------------------------
[TX_END]   seq=29 retval=0
REPLY_ptr=0x7fcc3dfd00
REPLY_meta size=8 pos=8
REPLY_HEX_ALL (first 8 bytes @0):
                   0  1  2  3  4  5  6  7  8  9  A  B  C  D  E  F  0123456789ABCDEF
b400007b0bd50c00  00 00 00 00 07 00 00 00                          ........
========================================================================

========================================================================
[TX_START] seq=30 code=17 (0x11) name=SET_LOOP
[TX_HINT]  writeInt bool loop
[TX_META]  flags=0x10
------------------------------------------------------------------------
DATA_ptr=0x7fcc3dfd80
DATA_meta size=88 pos=0
DATA_HEX_ALL (first 88 bytes @0):
             0  1  2  3  4  5  6  7  8  9  A  B  C  D  E  F  0123456789ABCDEF
7a62988000  04 00 00 c2 ff ff ff ff 54 53 59 53 21 00 00 00  ........TSYS!...
7a62988010  63 00 6f 00 6d 00 2e 00 78 00 69 00 61 00 6f 00  c.o.m...x.i.a.o.
7a62988020  6d 00 69 00 2e 00 76 00 6c 00 69 00 76 00 65 00  m.i...v.l.i.v.e.
7a62988030  2e 00 49 00 4d 00 79 00 42 00 69 00 6e 00 64 00  ..I.M.y.B.i.n.d.
7a62988040  65 00 72 00 53 00 65 00 72 00 76 00 69 00 63 00  e.r.S.e.r.v.i.c.
7a62988050  65 00 00 00 01 00 00 00                          e.......
------------------------------------------------------------------------
[TX_END]   seq=30 retval=0
REPLY_ptr=0x7fcc3dfd00
REPLY_meta size=8 pos=8
REPLY_HEX_ALL (first 8 bytes @0):
                   0  1  2  3  4  5  6  7  8  9  A  B  C  D  E  F  0123456789ABCDEF
b400007b0bd50c00  00 00 00 00 07 00 00 00                          ........
========================================================================

========================================================================
[TX_START] seq=31 code=22 (0x16) name=SEEK_RANGE
[TX_HINT]  writeLong beginUs + writeLong endUs
[TX_META]  flags=0x10
------------------------------------------------------------------------
DATA_ptr=0x7fcc3dfd80
DATA_meta size=100 pos=0
DATA_HEX_ALL (first 100 bytes @0):
             0  1  2  3  4  5  6  7  8  9  A  B  C  D  E  F  0123456789ABCDEF
7a62988000  04 00 00 c2 ff ff ff ff 54 53 59 53 21 00 00 00  ........TSYS!...
7a62988010  63 00 6f 00 6d 00 2e 00 78 00 69 00 61 00 6f 00  c.o.m...x.i.a.o.
7a62988020  6d 00 69 00 2e 00 76 00 6c 00 69 00 76 00 65 00  m.i...v.l.i.v.e.
7a62988030  2e 00 49 00 4d 00 79 00 42 00 69 00 6e 00 64 00  ..I.M.y.B.i.n.d.
7a62988040  65 00 72 00 53 00 65 00 72 00 76 00 69 00 63 00  e.r.S.e.r.v.i.c.
7a62988050  65 00 00 00 30 02 00 00 00 00 00 00 90 1a 00 00  e...0...........
7a62988060  00 00 00 00                                      ....
------------------------------------------------------------------------
[TX_END]   seq=31 retval=0
REPLY_ptr=0x7fcc3dfd00
REPLY_meta size=8 pos=8
REPLY_HEX_ALL (first 8 bytes @0):
                   0  1  2  3  4  5  6  7  8  9  A  B  C  D  E  F  0123456789ABCDEF
b400007b0bd50c00  00 00 00 00 0c 00 00 00                          ........
========================================================================

========================================================================
[TX_START] seq=32 code=19 (0x13) name=SET_MIRROR
[TX_HINT]  writeInt bool mirror
[TX_META]  flags=0x10
------------------------------------------------------------------------
DATA_ptr=0x7fcc3dfd80
DATA_meta size=88 pos=0
DATA_HEX_ALL (first 88 bytes @0):
             0  1  2  3  4  5  6  7  8  9  A  B  C  D  E  F  0123456789ABCDEF
7a62988000  04 00 00 c2 ff ff ff ff 54 53 59 53 21 00 00 00  ........TSYS!...
7a62988010  63 00 6f 00 6d 00 2e 00 78 00 69 00 61 00 6f 00  c.o.m...x.i.a.o.
7a62988020  6d 00 69 00 2e 00 76 00 6c 00 69 00 76 00 65 00  m.i...v.l.i.v.e.
7a62988030  2e 00 49 00 4d 00 79 00 42 00 69 00 6e 00 64 00  ..I.M.y.B.i.n.d.
7a62988040  65 00 72 00 53 00 65 00 72 00 76 00 69 00 63 00  e.r.S.e.r.v.i.c.
7a62988050  65 00 00 00 00 00 00 00                          e.......
------------------------------------------------------------------------
[TX_END]   seq=32 retval=0
REPLY_ptr=0x7fcc3dfd00
REPLY_meta size=8 pos=8
REPLY_HEX_ALL (first 8 bytes @0):
                   0  1  2  3  4  5  6  7  8  9  A  B  C  D  E  F  0123456789ABCDEF
b400007b0bd50c00  00 00 00 00 09 00 00 00                          ........
========================================================================

========================================================================
[TX_START] seq=33 code=15 (0xf) name=GET_STATUS
[TX_HINT]  empty -> status int (5=playing)
[TX_META]  flags=0x10
------------------------------------------------------------------------
DATA_ptr=0x7fcc3dfd80
DATA_meta size=84 pos=0
DATA_HEX_ALL (first 84 bytes @0):
             0  1  2  3  4  5  6  7  8  9  A  B  C  D  E  F  0123456789ABCDEF
7a62988000  04 00 00 c2 ff ff ff ff 54 53 59 53 21 00 00 00  ........TSYS!...
7a62988010  63 00 6f 00 6d 00 2e 00 78 00 69 00 61 00 6f 00  c.o.m...x.i.a.o.
7a62988020  6d 00 69 00 2e 00 76 00 6c 00 69 00 76 00 65 00  m.i...v.l.i.v.e.
7a62988030  2e 00 49 00 4d 00 79 00 42 00 69 00 6e 00 64 00  ..I.M.y.B.i.n.d.
7a62988040  65 00 72 00 53 00 65 00 72 00 76 00 69 00 63 00  e.r.S.e.r.v.i.c.
7a62988050  65 00 00 00                                      e...
------------------------------------------------------------------------
[TX_END]   seq=33 retval=0
REPLY_ptr=0x7fcc3dfd00
REPLY_meta size=8 pos=8
REPLY_HEX_ALL (first 8 bytes @0):
                   0  1  2  3  4  5  6  7  8  9  A  B  C  D  E  F  0123456789ABCDEF
b400007b0bd50c00  00 00 00 00 05 00 00 00                          ........
========================================================================

========================================================================
[TX_START] seq=34 code=22 (0x16) name=SEEK_RANGE
[TX_HINT]  writeLong beginUs + writeLong endUs
[TX_META]  flags=0x10
------------------------------------------------------------------------
DATA_ptr=0x7fcc3dfd80
DATA_meta size=100 pos=0
DATA_HEX_ALL (first 100 bytes @0):
             0  1  2  3  4  5  6  7  8  9  A  B  C  D  E  F  0123456789ABCDEF
7a62988000  04 00 00 c2 ff ff ff ff 54 53 59 53 21 00 00 00  ........TSYS!...
7a62988010  63 00 6f 00 6d 00 2e 00 78 00 69 00 61 00 6f 00  c.o.m...x.i.a.o.
7a62988020  6d 00 69 00 2e 00 76 00 6c 00 69 00 76 00 65 00  m.i...v.l.i.v.e.
7a62988030  2e 00 49 00 4d 00 79 00 42 00 69 00 6e 00 64 00  ..I.M.y.B.i.n.d.
7a62988040  65 00 72 00 53 00 65 00 72 00 76 00 69 00 63 00  e.r.S.e.r.v.i.c.
7a62988050  65 00 00 00 40 01 00 00 00 00 00 00 90 01 00 00  e...@...........
7a62988060  00 00 00 00                                      ....
------------------------------------------------------------------------
[TX_END]   seq=34 retval=0
REPLY_ptr=0x7fcc3dfd00
REPLY_meta size=8 pos=8
REPLY_HEX_ALL (first 8 bytes @0):
                   0  1  2  3  4  5  6  7  8  9  A  B  C  D  E  F  0123456789ABCDEF
b400007b0bd50c00  00 00 00 00 0c 00 00 00                          ........
========================================================================

========================================================================
[TX_START] seq=35 code=22 (0x16) name=SEEK_RANGE
[TX_HINT]  writeLong beginUs + writeLong endUs
[TX_META]  flags=0x10
------------------------------------------------------------------------
DATA_ptr=0x7fcc3dfd80
DATA_meta size=100 pos=0
DATA_HEX_ALL (first 100 bytes @0):
             0  1  2  3  4  5  6  7  8  9  A  B  C  D  E  F  0123456789ABCDEF
7a62988000  04 00 00 c2 ff ff ff ff 54 53 59 53 21 00 00 00  ........TSYS!...
7a62988010  63 00 6f 00 6d 00 2e 00 78 00 69 00 61 00 6f 00  c.o.m...x.i.a.o.
7a62988020  6d 00 69 00 2e 00 76 00 6c 00 69 00 76 00 65 00  m.i...v.l.i.v.e.
7a62988030  2e 00 49 00 4d 00 79 00 42 00 69 00 6e 00 64 00  ..I.M.y.B.i.n.d.
7a62988040  65 00 72 00 53 00 65 00 72 00 76 00 69 00 63 00  e.r.S.e.r.v.i.c.
7a62988050  65 00 00 00 42 00 00 00 00 00 00 00 75 00 00 00  e...B.......u...
7a62988060  00 00 00 00                                      ....
------------------------------------------------------------------------
[TX_END]   seq=35 retval=0
REPLY_ptr=0x7fcc3dfd00
REPLY_meta size=8 pos=8
REPLY_HEX_ALL (first 8 bytes @0):
                   0  1  2  3  4  5  6  7  8  9  A  B  C  D  E  F  0123456789ABCDEF
b400007b0bd50c00  00 00 00 00 0c 00 00 00                          ........
========================================================================

========================================================================
[TX_START] seq=36 code=24 (0x18) name=TRANSFORM
[TX_HINT]  int mode + 4x float + int colorMode
[TX_META]  flags=0x10
------------------------------------------------------------------------
DATA_ptr=0x7fcc3dfd80
DATA_meta size=108 pos=0
DATA_HEX_ALL (first 108 bytes @0):
             0  1  2  3  4  5  6  7  8  9  A  B  C  D  E  F  0123456789ABCDEF
7a62988000  00 00 00 80 ff ff ff ff 54 53 59 53 21 00 00 00  ........TSYS!...
7a62988010  63 00 6f 00 6d 00 2e 00 78 00 69 00 61 00 6f 00  c.o.m...x.i.a.o.
7a62988020  6d 00 69 00 2e 00 76 00 6c 00 69 00 76 00 65 00  m.i...v.l.i.v.e.
7a62988030  2e 00 49 00 4d 00 79 00 42 00 69 00 6e 00 64 00  ..I.M.y.B.i.n.d.
7a62988040  65 00 72 00 53 00 65 00 72 00 76 00 69 00 63 00  e.r.S.e.r.v.i.c.
7a62988050  65 00 00 00 b3 a5 37 ff 00 00 e8 41 00 00 1c 42  e.....7....A...B
7a62988060  3d 0a d7 3e c3 f5 28 3f 01 00 00 00              =..>..(?....
------------------------------------------------------------------------
[TX_END]   seq=36 retval=0
REPLY_ptr=0x7fcc3dfd00
REPLY_meta size=8 pos=8
REPLY_HEX_ALL (first 8 bytes @0):
                   0  1  2  3  4  5  6  7  8  9  A  B  C  D  E  F  0123456789ABCDEF
b400007b0bd50c00  00 00 00 00 0e 00 00 00                          ........
========================================================================

========================================================================
[TX_START] seq=37 code=24 (0x18) name=TRANSFORM
[TX_HINT]  int mode + 4x float + int colorMode
[TX_META]  flags=0x10
------------------------------------------------------------------------
DATA_ptr=0x7fcc3dfd80
DATA_meta size=108 pos=0
DATA_HEX_ALL (first 108 bytes @0):
             0  1  2  3  4  5  6  7  8  9  A  B  C  D  E  F  0123456789ABCDEF
7a62988000  00 00 00 80 ff ff ff ff 54 53 59 53 21 00 00 00  ........TSYS!...
7a62988010  63 00 6f 00 6d 00 2e 00 78 00 69 00 61 00 6f 00  c.o.m...x.i.a.o.
7a62988020  6d 00 69 00 2e 00 76 00 6c 00 69 00 76 00 65 00  m.i...v.l.i.v.e.
7a62988030  2e 00 49 00 4d 00 79 00 42 00 69 00 6e 00 64 00  ..I.M.y.B.i.n.d.
7a62988040  65 00 72 00 53 00 65 00 72 00 76 00 69 00 63 00  e.r.S.e.r.v.i.c.
7a62988050  65 00 00 00 00 00 00 00 00 00 e8 41 00 00 1c 42  e..........A...B
7a62988060  3d 0a d7 3e c3 f5 28 3f 01 00 00 00              =..>..(?....
------------------------------------------------------------------------
[TX_END]   seq=37 retval=0
REPLY_ptr=0x7fcc3dfd00
REPLY_meta size=8 pos=8
REPLY_HEX_ALL (first 8 bytes @0):
                   0  1  2  3  4  5  6  7  8  9  A  B  C  D  E  F  0123456789ABCDEF
b400007b0bd50c00  00 00 00 00 0e 00 00 00                          ........
========================================================================

========================================================================
[TX_START] seq=38 code=15 (0xf) name=GET_STATUS
[TX_HINT]  empty -> status int (5=playing)
[TX_META]  flags=0x10
------------------------------------------------------------------------
DATA_ptr=0x7fcc3dfd80
DATA_meta size=84 pos=0
DATA_HEX_ALL (first 84 bytes @0):
             0  1  2  3  4  5  6  7  8  9  A  B  C  D  E  F  0123456789ABCDEF
7a62988000  04 00 00 c2 ff ff ff ff 54 53 59 53 21 00 00 00  ........TSYS!...
7a62988010  63 00 6f 00 6d 00 2e 00 78 00 69 00 61 00 6f 00  c.o.m...x.i.a.o.
7a62988020  6d 00 69 00 2e 00 76 00 6c 00 69 00 76 00 65 00  m.i...v.l.i.v.e.
7a62988030  2e 00 49 00 4d 00 79 00 42 00 69 00 6e 00 64 00  ..I.M.y.B.i.n.d.
7a62988040  65 00 72 00 53 00 65 00 72 00 76 00 69 00 63 00  e.r.S.e.r.v.i.c.
7a62988050  65 00 00 00                                      e...
------------------------------------------------------------------------
[TX_END]   seq=38 retval=0
REPLY_ptr=0x7fcc3dfd00
REPLY_meta size=8 pos=8
REPLY_HEX_ALL (first 8 bytes @0):
                   0  1  2  3  4  5  6  7  8  9  A  B  C  D  E  F  0123456789ABCDEF
b400007b0bd50c00  00 00 00 00 05 00 00 00                          ........
========================================================================

========================================================================
[TX_START] seq=39 code=22 (0x16) name=SEEK_RANGE
[TX_HINT]  writeLong beginUs + writeLong endUs
[TX_META]  flags=0x10
------------------------------------------------------------------------
DATA_ptr=0x7fcc3dfd80
DATA_meta size=100 pos=0
DATA_HEX_ALL (first 100 bytes @0):
             0  1  2  3  4  5  6  7  8  9  A  B  C  D  E  F  0123456789ABCDEF
7a62988000  04 00 00 c2 ff ff ff ff 54 53 59 53 21 00 00 00  ........TSYS!...
7a62988010  63 00 6f 00 6d 00 2e 00 78 00 69 00 61 00 6f 00  c.o.m...x.i.a.o.
7a62988020  6d 00 69 00 2e 00 76 00 6c 00 69 00 76 00 65 00  m.i...v.l.i.v.e.
7a62988030  2e 00 49 00 4d 00 79 00 42 00 69 00 6e 00 64 00  ..I.M.y.B.i.n.d.
7a62988040  65 00 72 00 53 00 65 00 72 00 76 00 69 00 63 00  e.r.S.e.r.v.i.c.
7a62988050  65 00 00 00 90 01 00 00 00 00 00 00 90 01 00 00  e...............
7a62988060  00 00 00 00                                      ....
------------------------------------------------------------------------
[TX_END]   seq=39 retval=0
REPLY_ptr=0x7fcc3dfd00
REPLY_meta size=8 pos=8
REPLY_HEX_ALL (first 8 bytes @0):
                   0  1  2  3  4  5  6  7  8  9  A  B  C  D  E  F  0123456789ABCDEF
b400007b0bd50c00  00 00 00 00 0c 00 00 00                          ........
========================================================================

========================================================================
[TX_START] seq=40 code=22 (0x16) name=SEEK_RANGE
[TX_HINT]  writeLong beginUs + writeLong endUs
[TX_META]  flags=0x10
------------------------------------------------------------------------
DATA_ptr=0x7fcc3dfd80
DATA_meta size=100 pos=0
DATA_HEX_ALL (first 100 bytes @0):
             0  1  2  3  4  5  6  7  8  9  A  B  C  D  E  F  0123456789ABCDEF
7a62988000  04 00 00 c2 ff ff ff ff 54 53 59 53 21 00 00 00  ........TSYS!...
7a62988010  63 00 6f 00 6d 00 2e 00 78 00 69 00 61 00 6f 00  c.o.m...x.i.a.o.
7a62988020  6d 00 69 00 2e 00 76 00 6c 00 69 00 76 00 65 00  m.i...v.l.i.v.e.
7a62988030  2e 00 49 00 4d 00 79 00 42 00 69 00 6e 00 64 00  ..I.M.y.B.i.n.d.
7a62988040  65 00 72 00 53 00 65 00 72 00 76 00 69 00 63 00  e.r.S.e.r.v.i.c.
7a62988050  65 00 00 00 28 00 00 00 00 00 00 00 8d 13 00 00  e...(...........
7a62988060  00 00 00 00                                      ....
------------------------------------------------------------------------
[TX_END]   seq=40 retval=0
REPLY_ptr=0x7fcc3dfd00
REPLY_meta size=8 pos=8
REPLY_HEX_ALL (first 8 bytes @0):
                   0  1  2  3  4  5  6  7  8  9  A  B  C  D  E  F  0123456789ABCDEF
b400007b0bd50c00  00 00 00 00 0c 00 00 00                          ........
========================================================================

========================================================================
[TX_START] seq=41 code=22 (0x16) name=SEEK_RANGE
[TX_HINT]  writeLong beginUs + writeLong endUs
[TX_META]  flags=0x10
------------------------------------------------------------------------
DATA_ptr=0x7fcc3dfd80
DATA_meta size=100 pos=0
DATA_HEX_ALL (first 100 bytes @0):
             0  1  2  3  4  5  6  7  8  9  A  B  C  D  E  F  0123456789ABCDEF
7a62988000  04 00 00 c2 ff ff ff ff 54 53 59 53 21 00 00 00  ........TSYS!...
7a62988010  63 00 6f 00 6d 00 2e 00 78 00 69 00 61 00 6f 00  c.o.m...x.i.a.o.
7a62988020  6d 00 69 00 2e 00 76 00 6c 00 69 00 76 00 65 00  m.i...v.l.i.v.e.
7a62988030  2e 00 49 00 4d 00 79 00 42 00 69 00 6e 00 64 00  ..I.M.y.B.i.n.d.
7a62988040  65 00 72 00 53 00 65 00 72 00 76 00 69 00 63 00  e.r.S.e.r.v.i.c.
7a62988050  65 00 00 00 32 00 00 00 00 00 00 00 4e 02 00 00  e...2.......N...
7a62988060  00 00 00 00                                      ....
------------------------------------------------------------------------
[TX_END]   seq=41 retval=0
REPLY_ptr=0x7fcc3dfd00
REPLY_meta size=8 pos=8
REPLY_HEX_ALL (first 8 bytes @0):
                   0  1  2  3  4  5  6  7  8  9  A  B  C  D  E  F  0123456789ABCDEF
b400007b0bd50c00  00 00 00 00 0c 00 00 00                          ........
========================================================================

[POLL_SUMMARY] TX13 ticks=120 (~1Hz App.java pollState)
